<?xml version="1.0" encoding="UTF-8"?>
<!-- Generated by org.testng.reporters.JUnitReportReporter -->
<testsuite hostname="ATMECSINLT-013" failures="0" tests="1" name="atmecs.Atmecstask1.testscripts.TestScript" time="31.971" errors="0" timestamp="03 Oct 2019 11:05:58 GMT" skipped="0">
  <testcase classname="atmecs.Atmecstask1.testscripts.TestScript" name="moreinfovalidate" time="31.971"/>
</testsuite> <!-- atmecs.Atmecstask1.testscripts.TestScript -->
